<?xml version="1.0" encoding="UTF-8"?>
<testsuite name="basiclibrary.LibraryTest" tests="1" skipped="0" failures="0" errors="0" timestamp="2021-10-02T15:37:21" hostname="RAHAF" time="0.003">
  <properties/>
  <testcase name="someLibraryMethodReturnsTrue" classname="basiclibrary.LibraryTest" time="0.003"/>
  <system-out><![CDATA[]]></system-out>
  <system-err><![CDATA[]]></system-err>
</testsuite>
